#
# A fatal error has been detected by the Java Runtime Environment:
#
#  EXCEPTION_ACCESS_VIOLATION (0xc0000005) at pc=0x000000006a427aa8, pid=11708, tid=0x00000000000046b0
#
# JRE version: Java(TM) SE Runtime Environment (8.0_181-b13) (build 1.8.0_181-b13)
# Java VM: Java HotSpot(TM) 64-Bit Server VM (25.181-b13 mixed mode windows-amd64 compressed oops)
# Problematic frame:
# V  [jvm.dll+0xf7aa8]
#
# Failed to write core dump. Minidumps are not enabled by default on client versions of Windows
#
# If you would like to submit a bug report, please visit:
#   http://bugreport.java.com/bugreport/crash.jsp
#

---------------  T H R E A D  ---------------

Current thread (0x000000001cee8000):  VMThread [stack: 0x000000001ebd0000,0x000000001ecd0000] [id=18096]

siginfo: ExceptionCode=0xc0000005, reading address 0x00000000270b1e50

Registers:
RAX=0x00000000001fffe0, RBX=0x000000000000ffff, RCX=0x0000000026d95ab0, RDX=0x0000000026eb1e60
RSP=0x000000001eccf150, RBP=0x000000001eccf280, RSI=0x000000000000ffff, RDI=0x0000000026d95ab0
R8 =0x000000001cd765a0, R9 =0x0000000000000003, R10=0x0000000000000003, R11=0x0000000026eb0829
R12=0x000000001eccf310, R13=0x000000001eccf300, R14=0x0000000000000000, R15=0x0000000000000001
RIP=0x000000006a427aa8, EFLAGS=0x0000000000010202

Top of Stack: (sp=0x000000001eccf150)
0x000000001eccf150:   00000000000000b7 000000001eccf280
0x000000001eccf160:   00000000000000b7 000000001eccf320
0x000000001eccf170:   0000000000000000 000000006a504fe0
0x000000001eccf180:   00000000000000b7 00000000000000b7
0x000000001eccf190:   00000000000000bb 00000000204e4bf0
0x000000001eccf1a0:   0000000003e1a4a0 0000000003e1905c
0x000000001eccf1b0:   0000000003e19328 000000006a63068e
0x000000001eccf1c0:   0000000003e1a49f 000000000000000a
0x000000001eccf1d0:   0000000003e19056 00007fff9d010000
0x000000001eccf1e0:   0000000003e19340 000000006a3c198d
0x000000001eccf1f0:   0000d562fd14a50a 0000000003e19340
0x000000001eccf200:   0000000000020338 00000000204e66c0
0x000000001eccf210:   00000000034f61a0 000000006a3c20b4
0x000000001eccf220:   000000001cee7270 000000006a3cfbce
0x000000001eccf230:   00000000204ecbd8 0000000000000000
0x000000001eccf240:   00000000204e4bf0 000000006a3cfd8b 

Instructions: (pc=0x000000006a427aa8)
0x000000006a427a88:   00 ba d9 01 00 00 e8 2d f9 17 00 e8 08 06 1a 00
0x000000006a427a98:   48 8b 57 10 48 85 d2 74 0f 48 8b c3 48 c1 e0 05
0x000000006a427aa8:   48 8b 44 10 10 0f b7 d8 48 63 c3 0f b7 44 c7 50
0x000000006a427ab8:   48 8b 44 c7 50 48 89 44 24 30 f6 d0 48 8b 4c 24 


Register to memory mapping:

RAX=0x00000000001fffe0 is an unknown value
RBX=0x000000000000ffff is an unknown value
RCX=0x0000000026d95ab0 is pointing into metadata
RDX=0x0000000026eb1e60 is pointing into metadata
RSP=0x000000001eccf150 is an unknown value
RBP=0x000000001eccf280 is an unknown value
RSI=0x000000000000ffff is an unknown value
RDI=0x0000000026d95ab0 is pointing into metadata
R8 =0x000000001cd765a0 is an unknown value
R9 =0x0000000000000003 is an unknown value
R10=0x0000000000000003 is an unknown value
R11=0x0000000026eb0829 is pointing into metadata
R12=0x000000001eccf310 is an unknown value
R13=0x000000001eccf300 is an unknown value
R14=0x0000000000000000 is an unknown value
R15=0x0000000000000001 is an unknown value


Stack: [0x000000001ebd0000,0x000000001ecd0000],  sp=0x000000001eccf150,  free space=1020k
Native frames: (J=compiled Java code, j=interpreted, Vv=VM code, C=native code)
V  [jvm.dll+0xf7aa8]
V  [jvm.dll+0x1d4fe0]
V  [jvm.dll+0x1d5f32]
V  [jvm.dll+0x1c38f4]
V  [jvm.dll+0x1c8a87]
V  [jvm.dll+0x1c8ffb]
V  [jvm.dll+0x24cc27]
V  [jvm.dll+0x24bec6]
V  [jvm.dll+0x24c361]
V  [jvm.dll+0x24c57e]
V  [jvm.dll+0x29e64a]
C  [msvcr100.dll+0x21d9f]
C  [msvcr100.dll+0x21e3b]
C  [KERNEL32.DLL+0x13dc4]
C  [ntdll.dll+0x73691]

VM_Operation (0x000000001f9ff5f0): RedefineClasses, mode: safepoint, requested by thread 0x000000001ee0d000, redefining class com.library.controller.HomeController



---------------  P R O C E S S  ---------------

Java Threads: ( => current thread )
  0x0000000024884800 JavaThread "JMX server connection timeout 44" daemon [_thread_blocked, id=9808, stack(0x00000000284e0000,0x00000000285e0000)]
  0x0000000024883800 JavaThread "RMI Scheduler(0)" daemon [_thread_blocked, id=37496, stack(0x00000000283e0000,0x00000000284e0000)]
  0x0000000024881800 JavaThread "RMI TCP Connection(1)-127.0.0.1" daemon [_thread_in_native, id=9856, stack(0x00000000282e0000,0x00000000283e0000)]
  0x0000000024882000 JavaThread "DestroyJavaVM" [_thread_blocked, id=41200, stack(0x00000000032b0000,0x00000000033b0000)]
  0x0000000024880800 JavaThread "http-nio-8080-Acceptor-0" daemon [_thread_in_native, id=31968, stack(0x00000000269e0000,0x0000000026ae0000)]
  0x0000000024880000 JavaThread "http-nio-8080-ClientPoller-1" daemon [_thread_blocked, id=38220, stack(0x00000000268e0000,0x00000000269e0000)]
  0x0000000024876000 JavaThread "http-nio-8080-ClientPoller-0" daemon [_thread_in_native, id=4548, stack(0x00000000267e0000,0x00000000268e0000)]
  0x000000002486f000 JavaThread "http-nio-8080-exec-10" daemon [_thread_blocked, id=38052, stack(0x00000000266e0000,0x00000000267e0000)]
  0x0000000024875000 JavaThread "http-nio-8080-exec-9" daemon [_thread_blocked, id=41088, stack(0x00000000265e0000,0x00000000266e0000)]
  0x0000000024874800 JavaThread "http-nio-8080-exec-8" daemon [_thread_blocked, id=42992, stack(0x00000000264e0000,0x00000000265e0000)]
  0x0000000024873000 JavaThread "http-nio-8080-exec-7" daemon [_thread_blocked, id=40812, stack(0x00000000263e0000,0x00000000264e0000)]
  0x0000000024872000 JavaThread "http-nio-8080-exec-6" daemon [_thread_blocked, id=41536, stack(0x00000000262e0000,0x00000000263e0000)]
  0x0000000024871800 JavaThread "http-nio-8080-exec-5" daemon [_thread_blocked, id=41540, stack(0x00000000261e0000,0x00000000262e0000)]
  0x0000000024870800 JavaThread "http-nio-8080-exec-4" daemon [_thread_blocked, id=29564, stack(0x00000000260e0000,0x00000000261e0000)]
  0x0000000024870000 JavaThread "http-nio-8080-exec-3" daemon [_thread_blocked, id=41520, stack(0x0000000025fe0000,0x00000000260e0000)]
  0x0000000024873800 JavaThread "http-nio-8080-exec-2" daemon [_thread_blocked, id=33416, stack(0x0000000025ee0000,0x0000000025fe0000)]
  0x000000002486e800 JavaThread "http-nio-8080-exec-1" daemon [_thread_blocked, id=28332, stack(0x0000000025de0000,0x0000000025ee0000)]
  0x000000002486b000 JavaThread "NioBlockingSelector.BlockPoller-1" daemon [_thread_blocked, id=11556, stack(0x0000000025ce0000,0x0000000025de0000)]
  0x000000002238c000 JavaThread "HikariPool-1 housekeeper" daemon [_thread_blocked, id=23656, stack(0x0000000023d10000,0x0000000023e10000)]
  0x0000000022206000 JavaThread "mysql-cj-abandoned-connection-cleanup" daemon [_thread_blocked, id=41948, stack(0x0000000023710000,0x0000000023810000)]
  0x000000002218b800 JavaThread "container-0" [_thread_blocked, id=37928, stack(0x0000000023610000,0x0000000023710000)]
  0x000000002218b000 JavaThread "Catalina-utility-2" [_thread_blocked, id=38432, stack(0x0000000023510000,0x0000000023610000)]
  0x0000000022186800 JavaThread "Catalina-utility-1" [_thread_blocked, id=40360, stack(0x0000000023410000,0x0000000023510000)]
  0x0000000020414000 JavaThread "RMI TCP Accept-0" daemon [_thread_in_native, id=38888, stack(0x0000000020b00000,0x0000000020c00000)]
  0x000000002040e800 JavaThread "RMI TCP Accept-60256" daemon [_thread_in_native, id=41444, stack(0x0000000020a00000,0x0000000020b00000)]
  0x0000000020400000 JavaThread "RMI TCP Accept-0" daemon [_thread_in_native, id=39228, stack(0x0000000020900000,0x0000000020a00000)]
  0x000000001eec2800 JavaThread "Service Thread" daemon [_thread_blocked, id=41428, stack(0x0000000020000000,0x0000000020100000)]
  0x000000001ee33000 JavaThread "C1 CompilerThread3" daemon [_thread_blocked, id=41416, stack(0x000000001ff00000,0x0000000020000000)]
  0x000000001ee31000 JavaThread "C2 CompilerThread2" daemon [_thread_blocked, id=38044, stack(0x000000001fe00000,0x000000001ff00000)]
  0x000000001ee2f800 JavaThread "C2 CompilerThread1" daemon [_thread_blocked, id=41420, stack(0x000000001fd00000,0x000000001fe00000)]
  0x000000001ee2a000 JavaThread "C2 CompilerThread0" daemon [_thread_blocked, id=41424, stack(0x000000001fc00000,0x000000001fd00000)]
  0x000000001ee1a800 JavaThread "JDWP Command Reader" daemon [_thread_in_native, id=18476, stack(0x000000001fb00000,0x000000001fc00000)]
  0x000000001ee17800 JavaThread "JDWP Event Helper Thread" daemon [_thread_blocked, id=41436, stack(0x000000001fa00000,0x000000001fb00000)]
  0x000000001ee0d000 JavaThread "JDWP Transport Listener: dt_socket" daemon [_thread_blocked, id=41440, stack(0x000000001f900000,0x000000001fa00000)]
  0x000000001ee05000 JavaThread "Attach Listener" daemon [_thread_blocked, id=40592, stack(0x000000001f4c0000,0x000000001f5c0000)]
  0x000000001ee04800 JavaThread "Signal Dispatcher" daemon [_thread_blocked, id=41964, stack(0x000000001f3c0000,0x000000001f4c0000)]
  0x000000001edf0800 JavaThread "Finalizer" daemon [_thread_blocked, id=42736, stack(0x000000001f1d0000,0x000000001f2d0000)]
  0x00000000034ad000 JavaThread "Reference Handler" daemon [_thread_blocked, id=31884, stack(0x000000001ecd0000,0x000000001edd0000)]

Other Threads:
=>0x000000001cee8000 VMThread [stack: 0x000000001ebd0000,0x000000001ecd0000] [id=18096]
  0x0000000020418000 WatcherThread [stack: 0x0000000020c00000,0x0000000020d00000] [id=17160]

VM state:at safepoint (normal execution)

VM Mutex/Monitor currently owned by a thread:  ([mutex/lock_event])
[0x00000000033b3250] Threads_lock - owner thread: 0x000000001cee8000

Heap:
 PSYoungGen      total 318976K, used 28959K [0x000000076b300000, 0x0000000781300000, 0x00000007c0000000)
  eden space 305664K, 9% used [0x000000076b300000,0x000000076cf47e80,0x000000077dd80000)
  from space 13312K, 0% used [0x0000000780600000,0x0000000780600000,0x0000000781300000)
  to   space 24576K, 0% used [0x000000077e300000,0x000000077e300000,0x000000077fb00000)
 ParOldGen       total 208384K, used 28823K [0x00000006c1800000, 0x00000006ce380000, 0x000000076b300000)
  object space 208384K, 13% used [0x00000006c1800000,0x00000006c3425c38,0x00000006ce380000)
 Metaspace       used 57192K, capacity 59782K, committed 59904K, reserved 1101824K
  class space    used 7899K, capacity 8376K, committed 8448K, reserved 1048576K

Card table byte_map: [0x0000000012870000,0x0000000013070000] byte_map_base: 0x000000000f264000

Marking Bits: (ParMarkBitMap*) 0x000000006ab52d00
 Begin Bits: [0x0000000013dc0000, 0x0000000017d60000)
 End Bits:   [0x0000000017d60000, 0x000000001bd00000)

Polling page: 0x00000000030f0000

CodeCache: size=245760Kb used=9632Kb max_used=9632Kb free=236127Kb
 bounds [0x00000000034b0000, 0x0000000003e20000, 0x00000000124b0000]
 total_blobs=5196 nmethods=4624 adapters=492
 compilation: enabled

Compilation events (10 events):
Event: 98.346 Thread 0x000000001ee33000 4683       1       java.io.ObjectStreamField::getTypeString (16 bytes)
Event: 98.347 Thread 0x000000001ee33000 nmethod 4683 0x00000000038ecc10 code [0x00000000038ecd80, 0x00000000038ecf88]
Event: 98.347 Thread 0x000000001ee33000 4684       1       java.io.ObjectOutputStream::writeTypeString (40 bytes)
Event: 98.347 Thread 0x000000001ee33000 nmethod 4684 0x00000000038ec610 code [0x00000000038ec7a0, 0x00000000038ec9e8]
Event: 98.349 Thread 0x000000001ee33000 4685   !   1       java.io.ObjectInputStream::readObject0 (566 bytes)
Event: 98.350 Thread 0x000000001ee33000 nmethod 4685 0x0000000003e18e10 code [0x0000000003e19340, 0x0000000003e1abe8]
Event: 98.350 Thread 0x000000001ee33000 4686       1       java.io.ObjectInputStream$HandleTable::markDependency (171 bytes)
Event: 98.350 Thread 0x000000001ee33000 nmethod 4686 0x00000000038eba50 code [0x00000000038ebc20, 0x00000000038ec148]
Event: 98.350 Thread 0x000000001ee33000 4687       1       java.io.ObjectInputStream::access$1000 (5 bytes)
Event: 98.350 Thread 0x000000001ee33000 nmethod 4687 0x00000000038eb790 code [0x00000000038eb8e0, 0x00000000038eb9d0]

GC Heap History (10 events):
Event: 2.680 GC heap before
{Heap before GC invocations=5 (full 1):
 PSYoungGen      total 141824K, used 114703K [0x000000076b300000, 0x000000077a080000, 0x00000007c0000000)
  eden space 131072K, 79% used [0x000000076b300000,0x00000007718c4ec0,0x0000000773300000)
  from space 10752K, 97% used [0x0000000773300000,0x0000000773d3eda8,0x0000000773d80000)
  to   space 10752K, 0% used [0x0000000779600000,0x0000000779600000,0x000000077a080000)
 ParOldGen       total 94720K, used 10452K [0x00000006c1800000, 0x00000006c7480000, 0x000000076b300000)
  object space 94720K, 11% used [0x00000006c1800000,0x00000006c22351f0,0x00000006c7480000)
 Metaspace       used 33828K, capacity 35398K, committed 35496K, reserved 1079296K
  class space    used 4470K, capacity 4782K, committed 4864K, reserved 1048576K
Event: 2.728 GC heap after
Heap after GC invocations=5 (full 1):
 PSYoungGen      total 232448K, used 10740K [0x000000076b300000, 0x000000077a100000, 0x00000007c0000000)
  eden space 221696K, 0% used [0x000000076b300000,0x000000076b300000,0x0000000778b80000)
  from space 10752K, 99% used [0x0000000779600000,0x000000077a07d398,0x000000077a080000)
  to   space 10752K, 0% used [0x0000000778b80000,0x0000000778b80000,0x0000000779600000)
 ParOldGen       total 94720K, used 17305K [0x00000006c1800000, 0x00000006c7480000, 0x000000076b300000)
  object space 94720K, 18% used [0x00000006c1800000,0x00000006c28e66b8,0x00000006c7480000)
 Metaspace       used 33828K, capacity 35398K, committed 35496K, reserved 1079296K
  class space    used 4470K, capacity 4782K, committed 4864K, reserved 1048576K
}
Event: 2.728 GC heap before
{Heap before GC invocations=6 (full 2):
 PSYoungGen      total 232448K, used 10740K [0x000000076b300000, 0x000000077a100000, 0x00000007c0000000)
  eden space 221696K, 0% used [0x000000076b300000,0x000000076b300000,0x0000000778b80000)
  from space 10752K, 99% used [0x0000000779600000,0x000000077a07d398,0x000000077a080000)
  to   space 10752K, 0% used [0x0000000778b80000,0x0000000778b80000,0x0000000779600000)
 ParOldGen       total 94720K, used 17305K [0x00000006c1800000, 0x00000006c7480000, 0x000000076b300000)
  object space 94720K, 18% used [0x00000006c1800000,0x00000006c28e66b8,0x00000006c7480000)
 Metaspace       used 33828K, capacity 35398K, committed 35496K, reserved 1079296K
  class space    used 4470K, capacity 4782K, committed 4864K, reserved 1048576K
Event: 2.860 GC heap after
Heap after GC invocations=6 (full 2):
 PSYoungGen      total 232448K, used 0K [0x000000076b300000, 0x000000077a100000, 0x00000007c0000000)
  eden space 221696K, 0% used [0x000000076b300000,0x000000076b300000,0x0000000778b80000)
  from space 10752K, 0% used [0x0000000779600000,0x0000000779600000,0x000000077a080000)
  to   space 10752K, 0% used [0x0000000778b80000,0x0000000778b80000,0x0000000779600000)
 ParOldGen       total 153600K, used 22031K [0x00000006c1800000, 0x00000006cae00000, 0x000000076b300000)
  object space 153600K, 14% used [0x00000006c1800000,0x00000006c2d83e28,0x00000006cae00000)
 Metaspace       used 33828K, capacity 35398K, committed 35496K, reserved 1079296K
  class space    used 4470K, capacity 4782K, committed 4864K, reserved 1048576K
}
Event: 10.613 GC heap before
{Heap before GC invocations=7 (full 2):
 PSYoungGen      total 232448K, used 221696K [0x000000076b300000, 0x000000077a100000, 0x00000007c0000000)
  eden space 221696K, 100% used [0x000000076b300000,0x0000000778b80000,0x0000000778b80000)
  from space 10752K, 0% used [0x0000000779600000,0x0000000779600000,0x000000077a080000)
  to   space 10752K, 0% used [0x0000000778b80000,0x0000000778b80000,0x0000000779600000)
 ParOldGen       total 153600K, used 22031K [0x00000006c1800000, 0x00000006cae00000, 0x000000076b300000)
  object space 153600K, 14% used [0x00000006c1800000,0x00000006c2d83e28,0x00000006cae00000)
 Metaspace       used 53785K, capacity 56272K, committed 56576K, reserved 1097728K
  class space    used 7434K, capacity 7879K, committed 7936K, reserved 1048576K
Event: 10.673 GC heap after
Heap after GC invocations=7 (full 2):
 PSYoungGen      total 232448K, used 10731K [0x000000076b300000, 0x0000000781f80000, 0x00000007c0000000)
  eden space 221696K, 0% used [0x000000076b300000,0x000000076b300000,0x0000000778b80000)
  from space 10752K, 99% used [0x0000000778b80000,0x00000007795fad38,0x0000000779600000)
  to   space 26112K, 0% used [0x0000000780600000,0x0000000780600000,0x0000000781f80000)
 ParOldGen       total 153600K, used 36772K [0x00000006c1800000, 0x00000006cae00000, 0x000000076b300000)
  object space 153600K, 23% used [0x00000006c1800000,0x00000006c3be92f8,0x00000006cae00000)
 Metaspace       used 53785K, capacity 56272K, committed 56576K, reserved 1097728K
  class space    used 7434K, capacity 7879K, committed 7936K, reserved 1048576K
}
Event: 43.994 GC heap before
{Heap before GC invocations=8 (full 2):
 PSYoungGen      total 232448K, used 41985K [0x000000076b300000, 0x0000000781f80000, 0x00000007c0000000)
  eden space 221696K, 14% used [0x000000076b300000,0x000000076d1858e0,0x0000000778b80000)
  from space 10752K, 99% used [0x0000000778b80000,0x00000007795fad38,0x0000000779600000)
  to   space 26112K, 0% used [0x0000000780600000,0x0000000780600000,0x0000000781f80000)
 ParOldGen       total 153600K, used 36772K [0x00000006c1800000, 0x00000006cae00000, 0x000000076b300000)
  object space 153600K, 23% used [0x00000006c1800000,0x00000006c3be92f8,0x00000006cae00000)
 Metaspace       used 56393K, capacity 58912K, committed 59136K, reserved 1099776K
  class space    used 7746K, capacity 8177K, committed 8192K, reserved 1048576K
Event: 44.019 GC heap after
Heap after GC invocations=8 (full 2):
 PSYoungGen      total 318976K, used 13146K [0x000000076b300000, 0x0000000781300000, 0x00000007c0000000)
  eden space 305664K, 0% used [0x000000076b300000,0x000000076b300000,0x000000077dd80000)
  from space 13312K, 98% used [0x0000000780600000,0x00000007812d6908,0x0000000781300000)
  to   space 24576K, 0% used [0x000000077e300000,0x000000077e300000,0x000000077fb00000)
 ParOldGen       total 153600K, used 36780K [0x00000006c1800000, 0x00000006cae00000, 0x000000076b300000)
  object space 153600K, 23% used [0x00000006c1800000,0x00000006c3beb2f8,0x00000006cae00000)
 Metaspace       used 56393K, capacity 58912K, committed 59136K, reserved 1099776K
  class space    used 7746K, capacity 8177K, committed 8192K, reserved 1048576K
}
Event: 44.019 GC heap before
{Heap before GC invocations=9 (full 3):
 PSYoungGen      total 318976K, used 13146K [0x000000076b300000, 0x0000000781300000, 0x00000007c0000000)
  eden space 305664K, 0% used [0x000000076b300000,0x000000076b300000,0x000000077dd80000)
  from space 13312K, 98% used [0x0000000780600000,0x00000007812d6908,0x0000000781300000)
  to   space 24576K, 0% used [0x000000077e300000,0x000000077e300000,0x000000077fb00000)
 ParOldGen       total 153600K, used 36780K [0x00000006c1800000, 0x00000006cae00000, 0x000000076b300000)
  object space 153600K, 23% used [0x00000006c1800000,0x00000006c3beb2f8,0x00000006cae00000)
 Metaspace       used 56393K, capacity 58912K, committed 59136K, reserved 1099776K
  class space    used 7746K, capacity 8177K, committed 8192K, reserved 1048576K
Event: 44.189 GC heap after
Heap after GC invocations=9 (full 3):
 PSYoungGen      total 318976K, used 0K [0x000000076b300000, 0x0000000781300000, 0x00000007c0000000)
  eden space 305664K, 0% used [0x000000076b300000,0x000000076b300000,0x000000077dd80000)
  from space 13312K, 0% used [0x0000000780600000,0x0000000780600000,0x0000000781300000)
  to   space 24576K, 0% used [0x000000077e300000,0x000000077e300000,0x000000077fb00000)
 ParOldGen       total 208384K, used 28823K [0x00000006c1800000, 0x00000006ce380000, 0x000000076b300000)
  object space 208384K, 13% used [0x00000006c1800000,0x00000006c3425c38,0x00000006ce380000)
 Metaspace       used 56391K, capacity 58906K, committed 59136K, reserved 1099776K
  class space    used 7745K, capacity 8176K, committed 8192K, reserved 1048576K
}

Deoptimization events (0 events):
No events

Classes redefined (0 events):
No events

Internal exceptions (10 events):
Event: 98.344 Thread 0x0000000024881800 Exception <a 'java/lang/reflect/InvocationTargetException'> (0x000000076cb91b08) thrown at [C:\re\workspace\8-2-build-windows-amd64-cygwin\jdk8u181\11358\hotspot\src\share\vm\runtime\reflection.cpp, line 1092]
Event: 98.345 Thread 0x0000000024881800 Exception <a 'java/security/PrivilegedActionException'> (0x000000076cb966e8) thrown at [C:\re\workspace\8-2-build-windows-amd64-cygwin\jdk8u181\11358\hotspot\src\share\vm\prims\jvm.cpp, line 1435]
Event: 98.345 Thread 0x0000000024881800 Exception <a 'java/lang/reflect/InvocationTargetException'> (0x000000076cb968f8) thrown at [C:\re\workspace\8-2-build-windows-amd64-cygwin\jdk8u181\11358\hotspot\src\share\vm\runtime\reflection.cpp, line 1092]
Event: 98.346 Thread 0x0000000024881800 Exception <a 'java/lang/reflect/InvocationTargetException'> (0x000000076cb9a788) thrown at [C:\re\workspace\8-2-build-windows-amd64-cygwin\jdk8u181\11358\hotspot\src\share\vm\runtime\reflection.cpp, line 1092]
Event: 98.347 Thread 0x0000000024881800 Exception <a 'java/security/PrivilegedActionException'> (0x000000076cb9f368) thrown at [C:\re\workspace\8-2-build-windows-amd64-cygwin\jdk8u181\11358\hotspot\src\share\vm\prims\jvm.cpp, line 1435]
Event: 98.347 Thread 0x0000000024881800 Exception <a 'java/lang/reflect/InvocationTargetException'> (0x000000076cb9f578) thrown at [C:\re\workspace\8-2-build-windows-amd64-cygwin\jdk8u181\11358\hotspot\src\share\vm\runtime\reflection.cpp, line 1092]
Event: 98.348 Thread 0x0000000024881800 Exception <a 'java/lang/reflect/InvocationTargetException'> (0x000000076cba3640) thrown at [C:\re\workspace\8-2-build-windows-amd64-cygwin\jdk8u181\11358\hotspot\src\share\vm\runtime\reflection.cpp, line 1092]
Event: 98.349 Thread 0x0000000024881800 Exception <a 'java/security/PrivilegedActionException'> (0x000000076cbad948) thrown at [C:\re\workspace\8-2-build-windows-amd64-cygwin\jdk8u181\11358\hotspot\src\share\vm\prims\jvm.cpp, line 1435]
Event: 98.349 Thread 0x0000000024881800 Exception <a 'java/lang/reflect/InvocationTargetException'> (0x000000076cbadb58) thrown at [C:\re\workspace\8-2-build-windows-amd64-cygwin\jdk8u181\11358\hotspot\src\share\vm\runtime\reflection.cpp, line 1092]
Event: 98.350 Thread 0x0000000024881800 Exception <a 'java/lang/reflect/InvocationTargetException'> (0x000000076cbb42c0) thrown at [C:\re\workspace\8-2-build-windows-amd64-cygwin\jdk8u181\11358\hotspot\src\share\vm\runtime\reflection.cpp, line 1092]

Events (10 events):
Event: 98.349 Thread 0x0000000024881800 DEOPT UNPACKING pc=0x00000000034f7890 sp=0x00000000283dcf48 mode 1
Event: 98.349 Thread 0x0000000024881800 DEOPT PACKING pc=0x000000000385ff9c sp=0x00000000283dd270
Event: 98.349 Thread 0x0000000024881800 DEOPT UNPACKING pc=0x00000000034f7890 sp=0x00000000283dd018 mode 1
Event: 98.350 Thread 0x0000000024881800 DEOPT PACKING pc=0x000000000385d39c sp=0x00000000283dd0d0
Event: 98.350 Thread 0x0000000024881800 DEOPT UNPACKING pc=0x00000000034f7890 sp=0x00000000283dcef0 mode 1
Event: 98.350 Thread 0x0000000024881800 DEOPT PACKING pc=0x00000000038603c4 sp=0x00000000283dd220
Event: 98.350 Thread 0x0000000024881800 DEOPT UNPACKING pc=0x00000000034f7890 sp=0x00000000283dcf48 mode 1
Event: 98.350 Thread 0x0000000024881800 DEOPT PACKING pc=0x000000000385ff9c sp=0x00000000283dd270
Event: 98.350 Thread 0x0000000024881800 DEOPT UNPACKING pc=0x00000000034f7890 sp=0x00000000283dd018 mode 1
Event: 102.241 Executing VM operation: RedefineClasses


Dynamic libraries:
0x00007ff610d00000 - 0x00007ff610d37000 	C:\Program Files\Java\jdk1.8.0_181\bin\javaw.exe
0x00007fff9d9f0000 - 0x00007fff9dbd1000 	C:\WINDOWS\SYSTEM32\ntdll.dll
0x00007fff9b370000 - 0x00007fff9b422000 	C:\WINDOWS\System32\KERNEL32.DLL
0x00007fff9a150000 - 0x00007fff9a3c3000 	C:\WINDOWS\System32\KERNELBASE.dll
0x00007fff9d8a0000 - 0x00007fff9d941000 	C:\WINDOWS\System32\ADVAPI32.dll
0x00007fff9b430000 - 0x00007fff9b4ce000 	C:\WINDOWS\System32\msvcrt.dll
0x00007fff9d950000 - 0x00007fff9d9ab000 	C:\WINDOWS\System32\sechost.dll
0x00007fff9b920000 - 0x00007fff9ba44000 	C:\WINDOWS\System32\RPCRT4.dll
0x00007fff9ae80000 - 0x00007fff9b010000 	C:\WINDOWS\System32\USER32.dll
0x00007fff9a430000 - 0x00007fff9a450000 	C:\WINDOWS\System32\win32u.dll
0x00007fff9b4d0000 - 0x00007fff9b4f8000 	C:\WINDOWS\System32\GDI32.dll
0x00007fff9ace0000 - 0x00007fff9ae72000 	C:\WINDOWS\System32\gdi32full.dll
0x00007fff9a0b0000 - 0x00007fff9a14f000 	C:\WINDOWS\System32\msvcp_win.dll
0x00007fff99dc0000 - 0x00007fff99eba000 	C:\WINDOWS\System32\ucrtbase.dll
0x00007fff89350000 - 0x00007fff895b9000 	C:\WINDOWS\WinSxS\amd64_microsoft.windows.common-controls_6595b64144ccf1df_6.0.17134.590_none_fb3d9bff3069e088\COMCTL32.dll
0x00007fff9b040000 - 0x00007fff9b362000 	C:\WINDOWS\System32\combase.dll
0x00007fff9a4a0000 - 0x00007fff9a51a000 	C:\WINDOWS\System32\bcryptPrimitives.dll
0x00007fff9d7d0000 - 0x00007fff9d7fd000 	C:\WINDOWS\System32\IMM32.DLL
0x000000006b800000 - 0x000000006b8d2000 	C:\Program Files\Java\jdk1.8.0_181\jre\bin\msvcr100.dll
0x000000006a330000 - 0x000000006abd2000 	C:\Program Files\Java\jdk1.8.0_181\jre\bin\server\jvm.dll
0x00007fff9d9b0000 - 0x00007fff9d9b8000 	C:\WINDOWS\System32\PSAPI.DLL
0x00007fff97b80000 - 0x00007fff97ba3000 	C:\WINDOWS\SYSTEM32\WINMM.dll
0x00007fff8b5a0000 - 0x00007fff8b5aa000 	C:\WINDOWS\SYSTEM32\VERSION.dll
0x00007fff83460000 - 0x00007fff83469000 	C:\WINDOWS\SYSTEM32\WSOCK32.dll
0x00007fff9b750000 - 0x00007fff9b7bc000 	C:\WINDOWS\System32\WS2_32.dll
0x00007fff97a30000 - 0x00007fff97a5a000 	C:\WINDOWS\SYSTEM32\WINMMBASE.dll
0x00007fff9a450000 - 0x00007fff9a499000 	C:\WINDOWS\System32\cfgmgr32.dll
0x000000006b7f0000 - 0x000000006b7ff000 	C:\Program Files\Java\jdk1.8.0_181\jre\bin\verify.dll
0x000000006ad90000 - 0x000000006adb9000 	C:\Program Files\Java\jdk1.8.0_181\jre\bin\java.dll
0x000000006bd70000 - 0x000000006bda5000 	C:\Program Files\Java\jdk1.8.0_181\jre\bin\jdwp.dll
0x000000006b970000 - 0x000000006b978000 	C:\Program Files\Java\jdk1.8.0_181\jre\bin\npt.dll
0x000000006ad70000 - 0x000000006ad86000 	C:\Program Files\Java\jdk1.8.0_181\jre\bin\zip.dll
0x00007fff9c1d0000 - 0x00007fff9d610000 	C:\WINDOWS\System32\SHELL32.dll
0x00007fff9ba50000 - 0x00007fff9baf9000 	C:\WINDOWS\System32\shcore.dll
0x00007fff9a520000 - 0x00007fff9ac2d000 	C:\WINDOWS\System32\windows.storage.dll
0x00007fff9b510000 - 0x00007fff9b561000 	C:\WINDOWS\System32\shlwapi.dll
0x00007fff99d30000 - 0x00007fff99d41000 	C:\WINDOWS\System32\kernel.appcore.dll
0x00007fff99d50000 - 0x00007fff99d6f000 	C:\WINDOWS\System32\profapi.dll
0x00007fff99d70000 - 0x00007fff99dbc000 	C:\WINDOWS\System32\powrprof.dll
0x00007fff99d20000 - 0x00007fff99d2a000 	C:\WINDOWS\System32\FLTLIB.DLL
0x000000006b960000 - 0x000000006b969000 	C:\Program Files\Java\jdk1.8.0_181\jre\bin\dt_socket.dll
0x00007fff85150000 - 0x00007fff85166000 	C:\WINDOWS\system32\napinsp.dll
0x00007fff85260000 - 0x00007fff8527a000 	C:\WINDOWS\system32\pnrpnsp.dll
0x00007fff96140000 - 0x00007fff96159000 	C:\WINDOWS\system32\NLAapi.dll
0x00007fff99520000 - 0x00007fff99586000 	C:\WINDOWS\System32\mswsock.dll
0x00007fff992e0000 - 0x00007fff9939e000 	C:\WINDOWS\SYSTEM32\DNSAPI.dll
0x00007fff9b010000 - 0x00007fff9b018000 	C:\WINDOWS\System32\NSI.dll
0x00007fff992a0000 - 0x00007fff992d8000 	C:\WINDOWS\SYSTEM32\IPHLPAPI.DLL
0x00007fff85210000 - 0x00007fff8521e000 	C:\WINDOWS\System32\winrnr.dll
0x00007fff85130000 - 0x00007fff85145000 	C:\WINDOWS\System32\wshbth.dll
0x00007fff92bf0000 - 0x00007fff92c62000 	C:\WINDOWS\System32\fwpuclnt.dll
0x00007fff99800000 - 0x00007fff99825000 	C:\WINDOWS\SYSTEM32\bcrypt.dll
0x00007fff92ba0000 - 0x00007fff92baa000 	C:\Windows\System32\rasadhlp.dll
0x000000006a320000 - 0x000000006a32d000 	C:\Program Files\Java\jdk1.8.0_181\jre\bin\management.dll
0x000000006ad50000 - 0x000000006ad6a000 	C:\Program Files\Java\jdk1.8.0_181\jre\bin\net.dll
0x000000006ad30000 - 0x000000006ad41000 	C:\Program Files\Java\jdk1.8.0_181\jre\bin\nio.dll
0x00007fff996e0000 - 0x00007fff996f7000 	C:\WINDOWS\SYSTEM32\CRYPTSP.dll
0x00007fff99100000 - 0x00007fff99133000 	C:\WINDOWS\system32\rsaenh.dll
0x00007fff99c00000 - 0x00007fff99c28000 	C:\WINDOWS\SYSTEM32\USERENV.dll
0x00007fff996d0000 - 0x00007fff996db000 	C:\WINDOWS\SYSTEM32\CRYPTBASE.dll
0x00007fff93b90000 - 0x00007fff93ba6000 	C:\WINDOWS\SYSTEM32\dhcpcsvc6.DLL
0x00007fff93cc0000 - 0x00007fff93cda000 	C:\WINDOWS\SYSTEM32\dhcpcsvc.DLL
0x000000006b930000 - 0x000000006b954000 	C:\Program Files\Java\jdk1.8.0_181\jre\bin\sunec.dll
0x000000006b920000 - 0x000000006b92b000 	C:\Program Files\Java\jdk1.8.0_181\jre\bin\sunmscapi.dll
0x00007fff99ec0000 - 0x00007fff9a0a2000 	C:\WINDOWS\System32\CRYPT32.dll
0x00007fff99d00000 - 0x00007fff99d12000 	C:\WINDOWS\System32\MSASN1.dll
0x00007fff98750000 - 0x00007fff98919000 	C:\WINDOWS\SYSTEM32\dbghelp.dll

VM Arguments:
jvm_args: -agentlib:jdwp=transport=dt_socket,suspend=y,address=localhost:60257 -Dcom.sun.management.jmxremote -Dcom.sun.management.jmxremote.port=60256 -Dcom.sun.management.jmxremote.authenticate=false -Dcom.sun.management.jmxremote.ssl=false -Djava.rmi.server.hostname=localhost -Dspring.application.admin.enabled=true -Xverify:none -XX:TieredStopAtLevel=1 -Dfile.encoding=UTF-8 
java_command: com.library.UtdlibraryApplication
java_class_path (initial): F:\UTD\Spring Semester 19\Database Design\Project\DB_workspace\utdlibrary\target\classes;C:\Users\Surajit\.m2\repository\org\springframework\boot\spring-boot-starter-data-jpa\2.1.3.RELEASE\spring-boot-starter-data-jpa-2.1.3.RELEASE.jar;C:\Users\Surajit\.m2\repository\org\springframework\boot\spring-boot-starter-aop\2.1.3.RELEASE\spring-boot-starter-aop-2.1.3.RELEASE.jar;C:\Users\Surajit\.m2\repository\org\springframework\spring-aop\5.1.5.RELEASE\spring-aop-5.1.5.RELEASE.jar;C:\Users\Surajit\.m2\repository\org\aspectj\aspectjweaver\1.9.2\aspectjweaver-1.9.2.jar;C:\Users\Surajit\.m2\repository\org\springframework\boot\spring-boot-starter-jdbc\2.1.3.RELEASE\spring-boot-starter-jdbc-2.1.3.RELEASE.jar;C:\Users\Surajit\.m2\repository\com\zaxxer\HikariCP\3.2.0\HikariCP-3.2.0.jar;C:\Users\Surajit\.m2\repository\org\springframework\spring-jdbc\5.1.5.RELEASE\spring-jdbc-5.1.5.RELEASE.jar;C:\Users\Surajit\.m2\repository\javax\transaction\javax.transaction-api\1.3\javax.transaction-api-1.3.jar;C:\Users\Surajit\.m2\repository\javax\xml\bind\jaxb-api\2.3.1\jaxb-api-2.3.1.jar;C:\Users\Surajit\.m2\repository\javax\activation\javax.activation-api\1.2.0\javax.activation-api-1.2.0.jar;C:\Users\Surajit\.m2\repository\org\hibernate\hibernate-core\5.3.7.Final\hibernate-core-5.3.7.Final.jar;C:\Users\Surajit\.m2\repository\org\jboss\logging\jboss-logging\3.3.2.Final\jboss-logging-3.3.2.Final.jar;C:\Users\Surajit\.m2\repository\javax\persistence\javax.persistence-api\2.2\javax.persistence-api-2.2.jar;C:\Users\Surajit\.m2\repository\org\javassist\javassist\3.23.1-GA\javassist-3.23.1-GA.jar;C:\Users\Surajit\.m2\repository\net\bytebuddy\byte-buddy\1.9.10\byte-buddy-1.9.10.jar;C:\Users\Surajit\.m2\repository\antlr\antlr\2.7.7\antlr-2.7.7.jar;C:\Users\Surajit\.m2\repository\org\jboss\jandex\2.0.5.Final\jandex-2.0.5.Final.jar;C:\Users\Surajit\.m2\repository\com\fasterxml\classmate\1.4.0\classmate-1.4.0.jar;C:\Users\Surajit\.m2\repository\org\dom4j\dom4j\2.1.1\dom4j-2.
Launcher Type: SUN_STANDARD

Environment Variables:
JAVA_HOME=C:\Program Files\Java\jdk1.8.0_181
PATH=C:\Program Files\Java\jdk1.8.0_181\jre\bin;C:/Program Files/Java/jre1.8.0_181/bin/server;C:/Program Files/Java/jre1.8.0_181/bin;C:/Program Files/Java/jre1.8.0_181/lib/amd64;C:\oraclexe\app\oracle\product\11.2.0\server\bin;C:\Program Files\Microsoft MPI\Bin\;C:\Program Files (x86)\Common Files\Oracle\Java\javapath;C:\Program Files (x86)\Intel\Intel(R) Management Engine Components\iCLS\;C:\Program Files\Intel\Intel(R) Management Engine Components\iCLS\;C:\WINDOWS\system32;C:\WINDOWS;C:\WINDOWS\System32\Wbem;C:\WINDOWS\System32\WindowsPowerShell\v1.0\;C:\Program Files (x86)\Intel\Intel(R) Management Engine Components\DAL;C:\Program Files\Intel\Intel(R) Management Engine Components\DAL;C:\Program Files (x86)\Intel\Intel(R) Management Engine Components\IPT;C:\Program Files\Intel\Intel(R) Management Engine Components\IPT;C:\cygwin\bin;C:\Program Files\Intel\WiFi\bin\;C:\Program Files\Common Files\Intel\WirelessCommon\;H:\Program Files\PuTTY\;C:\WINDOWS\System32\OpenSSH\;C:\Program Files\Git\cmd;H:\Program Files\Python\Python37\Scripts;H:\Program Files\nodejs\;C:\Program Files (x86)\Yarn\bin\;C:\Users\Surajit\AppData\Local\Microsoft\WindowsApps;C:\Users\Surajit\AppData\Roaming\Dashlane\6.1.0.11480\bin\Firefox_Extension\{442718d9-475e-452a-b3e1-fb1ee16b8e9f}\components;C:\Users\Surajit\AppData\Roaming\Dashlane\6.1.0.11480\ucrt;C:\Users\Surajit\AppData\Roaming\Dashlane\6.1.0.11480\bin\Qt;C:\Users\Surajit\AppData\Roaming\Dashlane\6.1.0.11480\bin\Ssl;C:\Users\Surajit\AppData\Local\GitHubDesktop\bin;C:\Users\Surajit\AppData\Local\Microsoft\WindowsApps;F:\gradle-4.10.2-all\gradle-4.10.2\bin;%JAVA_HOME\bin%;C:\Users\Surajit\Anaconda3;C:\Program Files\Git\bin;C:\Users\Surajit\AppData\Roaming\npm;C:\Program Files\MySQL\MySQL Server 8.0\bin;C:\Users\Surajit\AppData\Local\Programs\Microsoft VS Code\bin;C:\Users\Surajit\AppData\Local\Yarn\bin;C:\Program Files (x86)\Yarn\bin;;F:\Software\Spring Boot eclipse\eclipse;
USERNAME=Surajit
OS=Windows_NT
PROCESSOR_IDENTIFIER=Intel64 Family 6 Model 142 Stepping 10, GenuineIntel



---------------  S Y S T E M  ---------------

OS: Windows 10.0 , 64 bit Build 17134 (10.0.17134.556)

CPU:total 8 (initial active 8) (4 cores per cpu, 2 threads per core) family 6 model 142 stepping 10, cmov, cx8, fxsr, mmx, sse, sse2, sse3, ssse3, sse4.1, sse4.2, popcnt, avx, avx2, aes, clmul, erms, 3dnowpref, lzcnt, ht, tsc, tscinvbit, bmi1, bmi2, adx

Memory: 4k page, physical 16672600k(7900716k free), swap 19162968k(4569336k free)

vm_info: Java HotSpot(TM) 64-Bit Server VM (25.181-b13) for windows-amd64 JRE (1.8.0_181-b13), built on Jul  7 2018 04:01:33 by "java_re" with MS VC++ 10.0 (VS2010)

time: Fri Mar 08 02:54:31 2019
elapsed time: 102 seconds (0d 0h 1m 42s)

